2024-02-25T18:44:26.085+01:00  INFO 13084 --- [main] d.a.g.G27ShopProjectApplication          : Starting G27ShopProjectApplication using Java 20.0.2 with PID 13084 (C:\ProjectBack\Lesson_07\g_27_shop_project\target\classes started by AIT TR Student in C:\ProjectBack\Lesson_07\g_27_shop_project)
2024-02-25T18:44:26.132+01:00  INFO 13084 --- [main] d.a.g.G27ShopProjectApplication          : No active profile set, falling back to 1 default profile: "default"
2024-02-25T18:44:28.612+01:00  INFO 13084 --- [main] .s.d.r.c.RepositoryConfigurationDelegate : Bootstrapping Spring Data JPA repositories in DEFAULT mode.
2024-02-25T18:44:28.813+01:00  INFO 13084 --- [main] .s.d.r.c.RepositoryConfigurationDelegate : Finished Spring Data repository scanning in 177 ms. Found 3 JPA repository interfaces.
2024-02-25T18:44:31.574+01:00  INFO 13084 --- [main] o.s.b.w.embedded.tomcat.TomcatWebServer  : Tomcat initialized with port 8080 (http)
2024-02-25T18:44:31.606+01:00  INFO 13084 --- [main] o.apache.catalina.core.StandardService   : Starting service [Tomcat]
2024-02-25T18:44:31.607+01:00  INFO 13084 --- [main] o.apache.catalina.core.StandardEngine    : Starting Servlet engine: [Apache Tomcat/10.1.16]
2024-02-25T18:44:31.800+01:00  INFO 13084 --- [main] o.a.c.c.C.[Tomcat].[localhost].[/]       : Initializing Spring embedded WebApplicationContext
2024-02-25T18:44:31.803+01:00  INFO 13084 --- [main] w.s.c.ServletWebServerApplicationContext : Root WebApplicationContext: initialization completed in 5514 ms
2024-02-25T18:44:32.431+01:00  INFO 13084 --- [main] o.hibernate.jpa.internal.util.LogHelper  : HHH000204: Processing PersistenceUnitInfo [name: default]
2024-02-25T18:44:32.633+01:00  INFO 13084 --- [main] org.hibernate.Version                    : HHH000412: Hibernate ORM core version 6.3.1.Final
2024-02-25T18:44:32.748+01:00  INFO 13084 --- [main] o.h.c.internal.RegionFactoryInitiator    : HHH000026: Second-level cache disabled
2024-02-25T18:44:33.410+01:00  INFO 13084 --- [main] o.s.o.j.p.SpringPersistenceUnitInfo      : No LoadTimeWeaver setup: ignoring JPA class transformer
2024-02-25T18:44:33.466+01:00  INFO 13084 --- [main] com.zaxxer.hikari.HikariDataSource       : HikariPool-1 - Starting...
2024-02-25T18:44:34.410+01:00  INFO 13084 --- [main] com.zaxxer.hikari.pool.HikariPool        : HikariPool-1 - Added connection com.mysql.cj.jdbc.ConnectionImpl@7de6549d
2024-02-25T18:44:34.415+01:00  INFO 13084 --- [main] com.zaxxer.hikari.HikariDataSource       : HikariPool-1 - Start completed.
2024-02-25T18:44:36.342+01:00  INFO 13084 --- [main] d.a.g.domain.jpa.JpaCart                 : Создана пустая корзина 
2024-02-25T18:44:36.389+01:00  INFO 13084 --- [main] d.a.g.domain.jpa.JpaProduct              : Вызван конструктор JpaProduct без аргументов
2024-02-25T18:44:36.393+01:00  INFO 13084 --- [main] d.a.g.domain.jpa.JpaCustomer             : Вызван конструктор JpaCustomer без аргументов
2024-02-25T18:44:36.675+01:00  INFO 13084 --- [main] o.h.e.t.j.p.i.JtaPlatformInitiator       : HHH000489: No JTA platform available (set 'hibernate.transaction.jta.platform' to enable JTA platform integration)
2024-02-25T18:44:36.680+01:00  INFO 13084 --- [main] j.LocalContainerEntityManagerFactoryBean : Initialized JPA EntityManagerFactory for persistence unit 'default'
2024-02-25T18:44:38.324+01:00  INFO 13084 --- [main] o.s.d.j.r.query.QueryEnhancerFactory     : Hibernate is in classpath; If applicable, HQL parser will be used.
2024-02-25T18:44:39.306+01:00  WARN 13084 --- [main] JpaBaseConfiguration$JpaWebConfiguration : spring.jpa.open-in-view is enabled by default. Therefore, database queries may be performed during view rendering. Explicitly configure spring.jpa.open-in-view to disable this warning
2024-02-25T18:44:41.105+01:00  INFO 13084 --- [main] o.s.b.w.embedded.tomcat.TomcatWebServer  : Tomcat started on port 8080 (http) with context path ''
2024-02-25T18:44:41.133+01:00  INFO 13084 --- [main] d.a.g.G27ShopProjectApplication          : Started G27ShopProjectApplication in 16.223 seconds (process running for 18.265)
2024-02-25T18:44:45.028+01:00  INFO 13084 --- [scheduling-1] d.a.g.domain.jpa.JpaProduct              : Вызван конструктор JpaProduct без аргументов
2024-02-25T18:44:45.034+01:00  INFO 13084 --- [scheduling-1] d.a.g.domain.jpa.JpaProduct              : Метод toString вызван
2024-02-25T18:44:45.043+01:00  INFO 13084 --- [scheduling-1] d.a.g.services.jpa.TaskService           : Последний добавленный продукт: JpaProduct{id=10, name='Kiwi', price=100.0, isActive=true}
2024-02-25T18:45:15.029+01:00  INFO 13084 --- [scheduling-1] d.a.g.domain.jpa.JpaProduct              : Вызван конструктор JpaProduct без аргументов
2024-02-25T18:45:15.036+01:00  INFO 13084 --- [scheduling-1] d.a.g.domain.jpa.JpaProduct              : Метод toString вызван
2024-02-25T18:45:15.038+01:00  INFO 13084 --- [scheduling-1] d.a.g.services.jpa.TaskService           : Последний добавленный продукт: JpaProduct{id=10, name='Kiwi', price=100.0, isActive=true}
2024-02-25T18:45:31.520+01:00  INFO 13084 --- [SpringApplicationShutdownHook] j.LocalContainerEntityManagerFactoryBean : Closing JPA EntityManagerFactory for persistence unit 'default'
2024-02-25T18:45:31.531+01:00  INFO 13084 --- [SpringApplicationShutdownHook] com.zaxxer.hikari.HikariDataSource       : HikariPool-1 - Shutdown initiated...
2024-02-25T18:45:31.569+01:00  INFO 13084 --- [SpringApplicationShutdownHook] com.zaxxer.hikari.HikariDataSource       : HikariPool-1 - Shutdown completed.
